окт. 10, 2024 2:31:43 PM App main
INFO: Сервер запущен.
окт. 10, 2024 2:31:43 PM App main
INFO: Запрос получен.
окт. 10, 2024 2:31:43 PM App main
INFO: {"error": "FCGI request или inStream не инициализирован."}
окт. 10, 2024 2:33:43 PM App main
INFO: Сервер запущен.
окт. 10, 2024 2:33:43 PM App main
INFO: Запрос получен.
окт. 10, 2024 2:33:43 PM App main
INFO: {"error": "FCGI request или inStream не инициализирован."}
окт. 10, 2024 3:18:16 PM App main
INFO: Сервер запущен.
окт. 10, 2024 3:18:16 PM App main
INFO: Запрос получен.
окт. 10, 2024 3:18:16 PM App main
INFO: {"error": "FCGI request или inStream не инициализирован."}
окт. 14, 2024 12:33:10 AM App main
INFO: Сервер запущен.
окт. 14, 2024 12:33:10 AM App main
INFO: Запрос получен.
окт. 14, 2024 12:33:10 AM App main
INFO: {"error": "FCGI request или inStream не инициализирован."}
окт. 14, 2024 12:34:20 AM App main
INFO: Сервер запущен.
окт. 14, 2024 12:34:20 AM App main
INFO: Запрос получен.
окт. 14, 2024 12:34:20 AM App main
INFO: {"error": "FCGI request или inStream не инициализирован."}
окт. 14, 2024 12:47:12 AM App main
INFO: Сервер запущен.
окт. 14, 2024 12:47:12 AM App main
INFO: Запрос получен.
окт. 14, 2024 12:47:12 AM App main
INFO: {"error": "FCGI request или inStream не инициализирован."}
окт. 14, 2024 6:30:58 PM App main
INFO: Сервер запущен.
окт. 14, 2024 6:30:58 PM App main
INFO: Запрос получен.
окт. 14, 2024 6:30:58 PM App main
INFO: {"error": "FCGI request или inStream не инициализирован."}
окт. 14, 2024 7:37:44 PM App main
INFO: Сервер запущен.
окт. 14, 2024 7:40:03 PM App main
INFO: Сервер запущен.
окт. 14, 2024 7:46:10 PM App main
INFO: Сервер запущен.
окт. 14, 2024 7:55:37 PM App main
INFO: Запрос получен.
окт. 14, 2024 7:55:37 PM App main
INFO: {"x":-3,"y":2,"r":1}
окт. 14, 2024 7:55:59 PM App main
INFO: Запрос получен.
окт. 14, 2024 7:55:59 PM App main
INFO: {"x":-3,"y":2,"r":1}
окт. 14, 2024 7:56:01 PM App main
INFO: Запрос получен.
окт. 14, 2024 7:56:01 PM App main
INFO: {"x":-3,"y":2,"r":1}
окт. 14, 2024 7:56:04 PM App main
INFO: Запрос получен.
окт. 14, 2024 7:56:04 PM App main
INFO: {"x":-3,"y":2,"r":1}
окт. 14, 2024 7:56:50 PM App main
INFO: Запрос получен.
окт. 14, 2024 7:56:50 PM App main
INFO: {"x":-3,"y":1,"r":1}
окт. 14, 2024 7:56:58 PM App main
INFO: Запрос получен.
окт. 14, 2024 7:56:58 PM App main
INFO: {"x":-3,"y":3,"r":1}
окт. 14, 2024 7:57:04 PM App main
INFO: Запрос получен.
окт. 14, 2024 7:57:04 PM App main
INFO: {"x":-3,"y":3,"r":1}
окт. 14, 2024 7:57:15 PM App main
INFO: Запрос получен.
окт. 14, 2024 7:57:15 PM App main
INFO: {"x":-3,"y":2,"r":1}
окт. 14, 2024 7:57:17 PM App main
INFO: Запрос получен.
окт. 14, 2024 7:57:17 PM App main
INFO: {"x":0,"y":1,"r":1}
окт. 14, 2024 7:57:20 PM App main
INFO: Запрос получен.
окт. 14, 2024 7:57:20 PM App main
INFO: {"x":-3,"y":3,"r":1.5}
окт. 14, 2024 7:57:38 PM App main
INFO: Запрос получен.
окт. 14, 2024 7:57:38 PM App main
INFO: {"x":-3,"y":1,"r":1}
окт. 14, 2024 7:57:45 PM App main
INFO: Запрос получен.
окт. 14, 2024 7:57:45 PM App main
INFO: {"x":-3,"y":3,"r":1}
окт. 14, 2024 7:57:46 PM App main
INFO: Запрос получен.
окт. 14, 2024 7:57:46 PM App main
INFO: {"x":-3,"y":3,"r":1}
окт. 14, 2024 7:57:48 PM App main
INFO: Запрос получен.
окт. 14, 2024 7:57:48 PM App main
INFO: {"x":-3,"y":3,"r":1}
окт. 14, 2024 7:57:49 PM App main
INFO: Запрос получен.
окт. 14, 2024 7:57:49 PM App main
INFO: {"x":-3,"y":3,"r":1}
окт. 14, 2024 7:57:50 PM App main
INFO: Запрос получен.
окт. 14, 2024 7:57:50 PM App main
INFO: {"x":-3,"y":3,"r":1}
окт. 14, 2024 7:57:54 PM App main
INFO: Запрос получен.
окт. 14, 2024 7:57:54 PM App main
INFO: {"x":-3,"y":3,"r":1}
окт. 14, 2024 8:05:19 PM App main
INFO: Запрос получен.
окт. 14, 2024 8:05:19 PM App main
INFO: {"x":0,"y":0,"r":1}
окт. 15, 2024 12:15:17 PM App main
INFO: Сервер запущен.
окт. 15, 2024 12:28:43 PM App main
INFO: Сервер запущен.
окт. 15, 2024 12:33:01 PM App main
INFO: Сервер запущен.
окт. 15, 2024 12:46:04 PM App main
INFO: Сервер запущен.
окт. 15, 2024 1:05:03 PM App main
INFO: Сервер запущен.
окт. 15, 2024 1:05:08 PM App main
INFO: Запрос получен.
окт. 15, 2024 1:05:08 PM App main
INFO: {"x":-3,"y":2,"r":1}
окт. 15, 2024 1:34:28 PM App main
INFO: Сервер запущен.
окт. 15, 2024 1:38:59 PM App main
INFO: Сервер запущен.
окт. 15, 2024 1:43:47 PM App main
INFO: Сервер запущен.
окт. 15, 2024 1:45:52 PM App main
INFO: Сервер запущен.
окт. 15, 2024 1:51:45 PM App main
INFO: Сервер запущен.
окт. 15, 2024 1:57:50 PM App main
INFO: Сервер запущен.
окт. 15, 2024 2:02:47 PM App main
INFO: Сервер запущен.
окт. 15, 2024 2:10:44 PM App main
INFO: Сервер запущен.
